TN:
SF:src/modules/prisma/prisma.service.ts
FN:8,onModuleInit
FN:13,onModuleDestroy
FNF:2
FNH:2
FNDA:4,onModuleInit
FNDA:4,onModuleDestroy
DA:1,1
DA:2,1
DA:3,1
DA:4,1
DA:5,1
DA:6,1
DA:7,1
DA:8,1
DA:9,4
DA:10,4
DA:11,4
DA:12,1
DA:13,1
DA:14,4
DA:15,4
DA:16,4
DA:17,1
LF:17
LH:17
BRDA:8,0,0,4
BRDA:13,1,0,4
BRF:2
BRH:2
end_of_record
TN:
SF:test/mocks/prisma.mock.ts
FN:1,createPrismaMock
FNF:1
FNH:1
FNDA:70,createPrismaMock
DA:1,70
DA:2,70
DA:3,70
DA:4,70
DA:5,70
DA:6,70
DA:7,70
DA:8,70
DA:9,0
DA:10,0
DA:11,0
DA:12,0
DA:13,0
DA:14,0
DA:15,0
DA:16,70
DA:17,70
DA:18,70
DA:19,70
DA:20,70
DA:21,70
DA:22,70
DA:23,70
DA:24,70
DA:25,70
DA:26,70
DA:27,70
DA:28,70
DA:29,70
DA:30,70
DA:31,70
DA:32,70
DA:33,70
DA:34,70
DA:35,70
DA:36,70
DA:37,70
DA:38,70
DA:39,70
DA:40,70
DA:41,70
DA:42,70
DA:43,70
DA:44,70
DA:45,70
DA:46,70
DA:47,70
DA:48,70
DA:49,70
DA:50,70
DA:51,70
DA:52,70
DA:53,70
DA:54,70
DA:55,70
DA:56,70
DA:57,70
DA:58,70
DA:59,70
DA:60,70
DA:61,70
DA:62,70
DA:63,70
DA:64,70
DA:65,70
DA:66,70
DA:67,70
DA:68,70
DA:69,70
DA:70,70
DA:71,70
DA:72,70
DA:73,70
DA:74,70
DA:75,70
DA:76,70
DA:77,70
DA:78,70
DA:79,70
DA:80,70
DA:81,70
DA:82,70
DA:83,70
DA:84,70
DA:85,70
DA:86,70
DA:87,70
DA:88,70
DA:89,70
DA:90,70
DA:91,70
DA:92,70
DA:93,70
DA:94,70
DA:95,70
DA:96,70
DA:97,70
DA:98,70
DA:99,70
DA:100,70
DA:101,70
DA:102,70
DA:103,70
DA:104,70
DA:105,70
DA:106,70
DA:107,70
DA:108,70
DA:109,70
DA:110,70
DA:111,70
DA:112,70
DA:113,70
DA:114,70
DA:115,70
DA:116,70
DA:117,70
DA:118,70
DA:119,70
DA:120,70
DA:121,70
DA:122,70
DA:123,70
DA:124,70
DA:125,70
DA:126,70
DA:127,70
DA:128,70
DA:129,70
DA:130,70
DA:131,70
DA:132,70
DA:133,70
DA:134,70
DA:135,70
DA:136,70
DA:137,70
DA:138,70
DA:139,70
DA:140,70
DA:141,70
DA:142,70
DA:143,70
DA:144,70
DA:145,70
LF:145
LH:138
BRDA:1,0,0,70
BRF:1
BRH:1
end_of_record
